<?xml version="1.0" encoding="UTF-8"?>
<testng-results ignored="0" total="1" passed="1" failed="0" skipped="0">
  <reporter-output>
  </reporter-output>
  <suite started-at="2023-07-13T15:20:02 IST" name="Suite" finished-at="2023-07-13T15:20:14 IST" duration-ms="12469">
    <groups>
      <group name="cucumber">
        <method signature="AbstractTestNGCucumberTests.runScenario(io.cucumber.testng.PickleWrapper,io.cucumber.testng.FeatureWrapper)[pri:0, instance:runner.runner@6771beb3]" name="runScenario" class="io.cucumber.testng.AbstractTestNGCucumberTests"/>
      </group> <!-- cucumber -->
    </groups>
    <test started-at="2023-07-13T15:20:02 IST" name="test" finished-at="2023-07-13T15:20:14 IST" duration-ms="12469">
      <class name="runner.runner">
        <test-method is-config="true" signature="setUpClass(org.testng.ITestContext)[pri:0, instance:runner.runner@6771beb3]" started-at="2023-07-13T15:20:02 IST" name="setUpClass" finished-at="2023-07-13T15:20:02 IST" duration-ms="534" status="PASS">
          <params>
            <param index="0">
              <value>
                <![CDATA[org.testng.TestRunner@27df95e]]>
              </value>
            </param>
          </params>
          <reporter-output>
          </reporter-output>
        </test-method> <!-- setUpClass -->
        <test-method signature="runScenario(io.cucumber.testng.PickleWrapper,io.cucumber.testng.FeatureWrapper)[pri:0, instance:runner.runner@6771beb3]" started-at="2023-07-13T15:20:02 IST" name="runScenario" description="Runs Cucumber Scenarios" data-provider="scenarios" finished-at="2023-07-13T15:20:13 IST" duration-ms="10902" status="PASS">
          <params>
            <param index="0">
              <value>
                <![CDATA["Login to the flipkart"]]>
              </value>
            </param>
            <param index="1">
              <value>
                <![CDATA["Login FlipKart"]]>
              </value>
            </param>
          </params>
          <reporter-output>
          </reporter-output>
        </test-method> <!-- runScenario -->
        <test-method is-config="true" signature="tearDownClass()[pri:0, instance:runner.runner@6771beb3]" started-at="2023-07-13T15:20:13 IST" name="tearDownClass" finished-at="2023-07-13T15:20:14 IST" duration-ms="925" status="PASS">
          <reporter-output>
          </reporter-output>
        </test-method> <!-- tearDownClass -->
      </class> <!-- runner.runner -->
    </test> <!-- test -->
  </suite> <!-- Suite -->
</testng-results>
